# JRE version: Java(TM) SE Runtime Environment (21.0.11+9) (build 21.0.11+9-LTS-211)
# Java VM: Java HotSpot(TM) 64-Bit Server VM (21.0.11+9-LTS-211, mixed mode, sharing, tiered, compressed oops, compressed class ptrs, g1 gc, windows-amd64)
GC Precious Log:
 CardTable entry size: 512
 Card Set container configuration: InlinePtr #cards 4 size 8 Array Of Cards #cards 32 size 80 Howl #buckets 8 coarsen threshold 7372 Howl Bitmap #cards 1024 size 144 coarsen threshold 921 Card regions per heap region 1 cards per card region 8192
 CPUs: 12 total, 12 available
 Memory: 7439M
 Large Page Support: Disabled
 NUMA Support: Disabled
 Compressed Oops: Enabled (Zero based)
 Heap Region Size: 4M
 Heap Min Capacity: 8M
 Heap Initial Capacity: 120M
 Heap Max Capacity: 8G
 Pre-touch: Disabled
 Parallel Workers: 10
 Concurrent Workers: 3
 Concurrent Refinement Workers: 10
 Periodic GC: Disabled
Heap:
 garbage-first heap   total 622592K, used 232495K [0x0000000600000000, 0x0000000800000000)
  region size 4096K, 41 young (167936K), 5 survivors (20480K)
 Metaspace       used 51472K, committed 53120K, reserved 1114112K
  class space    used 7024K, committed 7808K, reserved 1048576K
GC Heap History (20 events):
Event: 21.343 GC heap before
{Heap before GC invocations=44 (full 0):
 garbage-first heap   total 344064K, used 263427K [0x0000000600000000, 0x0000000800000000)
  region size 4096K, 50 young (204800K), 4 survivors (16384K)
 Metaspace       used 51421K, committed 53056K, reserved 1114112K
  class space    used 7024K, committed 7808K, reserved 1048576K
}
Event: 21.347 GC heap after
{Heap after GC invocations=45 (full 0):
 garbage-first heap   total 344064K, used 76017K [0x0000000600000000, 0x0000000800000000)
  region size 4096K, 4 young (16384K), 4 survivors (16384K)
 Metaspace       used 51421K, committed 53056K, reserved 1114112K
  class space    used 7024K, committed 7808K, reserved 1048576K
}
Event: 21.521 GC heap before
{Heap before GC invocations=45 (full 0):
 garbage-first heap   total 344064K, used 264433K [0x0000000600000000, 0x0000000800000000)
  region size 4096K, 50 young (204800K), 4 survivors (16384K)
 Metaspace       used 51421K, committed 53056K, reserved 1114112K
  class space    used 7024K, committed 7808K, reserved 1048576K
}
Event: 21.527 GC heap after
{Heap after GC invocations=46 (full 0):
 garbage-first heap   total 421888K, used 77004K [0x0000000600000000, 0x0000000800000000)
  region size 4096K, 4 young (16384K), 4 survivors (16384K)
 Metaspace       used 51421K, committed 53056K, reserved 1114112K
  class space    used 7024K, committed 7808K, reserved 1048576K
}
Event: 21.784 GC heap before
{Heap before GC invocations=46 (full 0):
 garbage-first heap   total 421888K, used 310476K [0x0000000600000000, 0x0000000800000000)
  region size 4096K, 61 young (249856K), 4 survivors (16384K)
 Metaspace       used 51421K, committed 53056K, reserved 1114112K
  class space    used 7024K, committed 7808K, reserved 1048576K
}
Event: 21.791 GC heap after
{Heap after GC invocations=47 (full 0):
 garbage-first heap   total 421888K, used 78965K [0x0000000600000000, 0x0000000800000000)
  region size 4096K, 4 young (16384K), 4 survivors (16384K)
 Metaspace       used 51421K, committed 53056K, reserved 1114112K
  class space    used 7024K, committed 7808K, reserved 1048576K
}
Event: 22.032 GC heap before
{Heap before GC invocations=47 (full 0):
 garbage-first heap   total 421888K, used 312437K [0x0000000600000000, 0x0000000800000000)
  region size 4096K, 61 young (249856K), 4 survivors (16384K)
 Metaspace       used 51423K, committed 53056K, reserved 1114112K
  class space    used 7024K, committed 7808K, reserved 1048576K
}
Event: 22.039 GC heap after
{Heap after GC invocations=48 (full 0):
 garbage-first heap   total 421888K, used 80620K [0x0000000600000000, 0x0000000800000000)
  region size 4096K, 4 young (16384K), 4 survivors (16384K)
 Metaspace       used 51423K, committed 53056K, reserved 1114112K
  class space    used 7024K, committed 7808K, reserved 1048576K
}
Event: 22.409 GC heap before
{Heap before GC invocations=48 (full 0):
 garbage-first heap   total 421888K, used 314092K [0x0000000600000000, 0x0000000800000000)
  region size 4096K, 61 young (249856K), 4 survivors (16384K)
 Metaspace       used 51423K, committed 53056K, reserved 1114112K
  class space    used 7024K, committed 7808K, reserved 1048576K
}
Event: 22.416 GC heap after
{Heap after GC invocations=49 (full 0):
 garbage-first heap   total 421888K, used 81721K [0x0000000600000000, 0x0000000800000000)
  region size 4096K, 4 young (16384K), 4 survivors (16384K)
 Metaspace       used 51423K, committed 53056K, reserved 1114112K
  class space    used 7024K, committed 7808K, reserved 1048576K
}
Event: 22.906 GC heap before
{Heap before GC invocations=49 (full 0):
 garbage-first heap   total 421888K, used 311097K [0x0000000600000000, 0x0000000800000000)
  region size 4096K, 61 young (249856K), 4 survivors (16384K)
 Metaspace       used 51427K, committed 53056K, reserved 1114112K
  class space    used 7024K, committed 7808K, reserved 1048576K
}
Event: 22.914 GC heap after
{Heap after GC invocations=50 (full 0):
 garbage-first heap   total 516096K, used 82733K [0x0000000600000000, 0x0000000800000000)
  region size 4096K, 5 young (20480K), 5 survivors (20480K)
 Metaspace       used 51427K, committed 53056K, reserved 1114112K
  class space    used 7024K, committed 7808K, reserved 1048576K
}
Event: 23.341 GC heap before
{Heap before GC invocations=50 (full 0):
 garbage-first heap   total 516096K, used 369453K [0x0000000600000000, 0x0000000800000000)
  region size 4096K, 75 young (307200K), 5 survivors (20480K)
 Metaspace       used 51429K, committed 53056K, reserved 1114112K
  class space    used 7024K, committed 7808K, reserved 1048576K
}
Event: 23.350 GC heap after
{Heap after GC invocations=51 (full 0):
 garbage-first heap   total 516096K, used 84270K [0x0000000600000000, 0x0000000800000000)
  region size 4096K, 5 young (20480K), 5 survivors (20480K)
 Metaspace       used 51429K, committed 53056K, reserved 1114112K
  class space    used 7024K, committed 7808K, reserved 1048576K
}
Event: 23.782 GC heap before
{Heap before GC invocations=51 (full 0):
 garbage-first heap   total 516096K, used 370990K [0x0000000600000000, 0x0000000800000000)
  region size 4096K, 75 young (307200K), 5 survivors (20480K)
 Metaspace       used 51445K, committed 53056K, reserved 1114112K
  class space    used 7024K, committed 7808K, reserved 1048576K
}
Event: 23.790 GC heap after
{Heap after GC invocations=52 (full 0):
 garbage-first heap   total 516096K, used 86310K [0x0000000600000000, 0x0000000800000000)
  region size 4096K, 5 young (20480K), 5 survivors (20480K)
 Metaspace       used 51445K, committed 53056K, reserved 1114112K
  class space    used 7024K, committed 7808K, reserved 1048576K
}
Event: 24.182 GC heap before
{Heap before GC invocations=52 (full 0):
 garbage-first heap   total 516096K, used 373030K [0x0000000600000000, 0x0000000800000000)
  region size 4096K, 75 young (307200K), 5 survivors (20480K)
 Metaspace       used 51448K, committed 53120K, reserved 1114112K
  class space    used 7024K, committed 7808K, reserved 1048576K
}
Event: 24.192 GC heap after
{Heap after GC invocations=53 (full 0):
 garbage-first heap   total 516096K, used 88408K [0x0000000600000000, 0x0000000800000000)
  region size 4096K, 5 young (20480K), 5 survivors (20480K)
 Metaspace       used 51448K, committed 53120K, reserved 1114112K
  class space    used 7024K, committed 7808K, reserved 1048576K
}
Event: 24.643 GC heap before
{Heap before GC invocations=53 (full 0):
 garbage-first heap   total 516096K, used 375128K [0x0000000600000000, 0x0000000800000000)
  region size 4096K, 75 young (307200K), 5 survivors (20480K)
 Metaspace       used 51463K, committed 53120K, reserved 1114112K
  class space    used 7024K, committed 7808K, reserved 1048576K
}
Event: 24.656 GC heap after
{Heap after GC invocations=54 (full 0):
 garbage-first heap   total 622592K, used 89135K [0x0000000600000000, 0x0000000800000000)
  region size 4096K, 5 young (20480K), 5 survivors (20480K)
 Metaspace       used 51463K, committed 53120K, reserved 1114112K
  class space    used 7024K, committed 7808K, reserved 1048576K
}

