# JRE version: Java(TM) SE Runtime Environment (21.0.11+9) (build 21.0.11+9-LTS-211)
# Java VM: Java HotSpot(TM) 64-Bit Server VM (21.0.11+9-LTS-211, mixed mode, sharing, tiered, compressed oops, compressed class ptrs, g1 gc, windows-amd64)
GC Precious Log:
 CardTable entry size: 512
 Card Set container configuration: InlinePtr #cards 4 size 8 Array Of Cards #cards 32 size 80 Howl #buckets 8 coarsen threshold 7372 Howl Bitmap #cards 1024 size 144 coarsen threshold 921 Card regions per heap region 1 cards per card region 8192
 CPUs: 12 total, 12 available
 Memory: 7439M
 Large Page Support: Disabled
 NUMA Support: Disabled
 Compressed Oops: Enabled (Zero based)
 Heap Region Size: 4M
 Heap Min Capacity: 8M
 Heap Initial Capacity: 120M
 Heap Max Capacity: 8G
 Pre-touch: Disabled
 Parallel Workers: 10
 Concurrent Workers: 3
 Concurrent Refinement Workers: 10
 Periodic GC: Disabled
Heap:
 garbage-first heap   total 540672K, used 117838K [0x0000000600000000, 0x0000000800000000)
  region size 4096K, 4 young (16384K), 4 survivors (16384K)
 Metaspace       used 152592K, committed 154944K, reserved 1245184K
  class space    used 19439K, committed 20608K, reserved 1048576K
GC Heap History (20 events):
Event: 20.765 GC heap after
{Heap after GC invocations=43 (full 0):
 garbage-first heap   total 450560K, used 164011K [0x0000000600000000, 0x0000000800000000)
  region size 4096K, 4 young (16384K), 4 survivors (16384K)
 Metaspace       used 121834K, committed 123904K, reserved 1179648K
  class space    used 15453K, committed 16448K, reserved 1048576K
}
Event: 35.598 GC heap before
{Heap before GC invocations=43 (full 0):
 garbage-first heap   total 450560K, used 393387K [0x0000000600000000, 0x0000000800000000)
  region size 4096K, 60 young (245760K), 4 survivors (16384K)
 Metaspace       used 135639K, committed 137792K, reserved 1179648K
  class space    used 17025K, committed 18048K, reserved 1048576K
}
Event: 35.623 GC heap after
{Heap after GC invocations=44 (full 0):
 garbage-first heap   total 450560K, used 161126K [0x0000000600000000, 0x0000000800000000)
  region size 4096K, 4 young (16384K), 4 survivors (16384K)
 Metaspace       used 135639K, committed 137792K, reserved 1179648K
  class space    used 17025K, committed 18048K, reserved 1048576K
}
Event: 36.840 GC heap before
{Heap before GC invocations=45 (full 0):
 garbage-first heap   total 450560K, used 373424K [0x0000000600000000, 0x0000000800000000)
  region size 4096K, 61 young (249856K), 4 survivors (16384K)
 Metaspace       used 136411K, committed 138496K, reserved 1179648K
  class space    used 17217K, committed 18240K, reserved 1048576K
}
Event: 36.877 GC heap after
{Heap after GC invocations=46 (full 0):
 garbage-first heap   total 450560K, used 152954K [0x0000000600000000, 0x0000000800000000)
  region size 4096K, 6 young (24576K), 6 survivors (24576K)
 Metaspace       used 136411K, committed 138496K, reserved 1179648K
  class space    used 17217K, committed 18240K, reserved 1048576K
}
Event: 37.696 GC heap before
{Heap before GC invocations=46 (full 0):
 garbage-first heap   total 450560K, used 398714K [0x0000000600000000, 0x0000000800000000)
  region size 4096K, 66 young (270336K), 6 survivors (24576K)
 Metaspace       used 137611K, committed 139712K, reserved 1179648K
  class space    used 17332K, committed 18368K, reserved 1048576K
}
Event: 37.820 GC heap after
{Heap after GC invocations=47 (full 0):
 garbage-first heap   total 540672K, used 120781K [0x0000000600000000, 0x0000000800000000)
  region size 4096K, 7 young (28672K), 7 survivors (28672K)
 Metaspace       used 137611K, committed 139712K, reserved 1179648K
  class space    used 17332K, committed 18368K, reserved 1048576K
}
Event: 38.308 GC heap before
{Heap before GC invocations=47 (full 0):
 garbage-first heap   total 540672K, used 411597K [0x0000000600000000, 0x0000000800000000)
  region size 4096K, 79 young (323584K), 7 survivors (28672K)
 Metaspace       used 137730K, committed 139840K, reserved 1179648K
  class space    used 17332K, committed 18368K, reserved 1048576K
}
Event: 38.337 GC heap after
{Heap after GC invocations=48 (full 0):
 garbage-first heap   total 540672K, used 112099K [0x0000000600000000, 0x0000000800000000)
  region size 4096K, 5 young (20480K), 5 survivors (20480K)
 Metaspace       used 137730K, committed 139840K, reserved 1179648K
  class space    used 17332K, committed 18368K, reserved 1048576K
}
Event: 39.893 GC heap before
{Heap before GC invocations=48 (full 0):
 garbage-first heap   total 540672K, used 415203K [0x0000000600000000, 0x0000000800000000)
  region size 4096K, 79 young (323584K), 5 survivors (20480K)
 Metaspace       used 137786K, committed 139904K, reserved 1179648K
  class space    used 17333K, committed 18368K, reserved 1048576K
}
Event: 39.910 GC heap after
{Heap after GC invocations=49 (full 0):
 garbage-first heap   total 540672K, used 108058K [0x0000000600000000, 0x0000000800000000)
  region size 4096K, 5 young (20480K), 5 survivors (20480K)
 Metaspace       used 137786K, committed 139904K, reserved 1179648K
  class space    used 17333K, committed 18368K, reserved 1048576K
}
Event: 41.765 GC heap before
{Heap before GC invocations=49 (full 0):
 garbage-first heap   total 540672K, used 411162K [0x0000000600000000, 0x0000000800000000)
  region size 4096K, 79 young (323584K), 5 survivors (20480K)
 Metaspace       used 137799K, committed 139904K, reserved 1179648K
  class space    used 17333K, committed 18368K, reserved 1048576K
}
Event: 41.776 GC heap after
{Heap after GC invocations=50 (full 0):
 garbage-first heap   total 540672K, used 111140K [0x0000000600000000, 0x0000000800000000)
  region size 4096K, 6 young (24576K), 6 survivors (24576K)
 Metaspace       used 137799K, committed 139904K, reserved 1179648K
  class space    used 17333K, committed 18368K, reserved 1048576K
}
Event: 44.153 GC heap before
{Heap before GC invocations=50 (full 0):
 garbage-first heap   total 540672K, used 410148K [0x0000000600000000, 0x0000000800000000)
  region size 4096K, 79 young (323584K), 6 survivors (24576K)
 Metaspace       used 140754K, committed 142976K, reserved 1179648K
  class space    used 17856K, committed 18944K, reserved 1048576K
}
Event: 44.171 GC heap after
{Heap after GC invocations=51 (full 0):
 garbage-first heap   total 540672K, used 110294K [0x0000000600000000, 0x0000000800000000)
  region size 4096K, 6 young (24576K), 6 survivors (24576K)
 Metaspace       used 140754K, committed 142976K, reserved 1179648K
  class space    used 17856K, committed 18944K, reserved 1048576K
}
Event: 46.726 GC heap before
{Heap before GC invocations=51 (full 0):
 garbage-first heap   total 540672K, used 413398K [0x0000000600000000, 0x0000000800000000)
  region size 4096K, 79 young (323584K), 6 survivors (24576K)
 Metaspace       used 152539K, committed 154880K, reserved 1245184K
  class space    used 19434K, committed 20608K, reserved 1048576K
}
Event: 46.738 GC heap after
{Heap after GC invocations=52 (full 0):
 garbage-first heap   total 540672K, used 125409K [0x0000000600000000, 0x0000000800000000)
  region size 4096K, 7 young (28672K), 7 survivors (28672K)
 Metaspace       used 152539K, committed 154880K, reserved 1245184K
  class space    used 19434K, committed 20608K, reserved 1048576K
}
Event: 48.530 GC heap before
{Heap before GC invocations=52 (full 0):
 garbage-first heap   total 540672K, used 420321K [0x0000000600000000, 0x0000000800000000)
  region size 4096K, 79 young (323584K), 7 survivors (28672K)
 Metaspace       used 152552K, committed 154880K, reserved 1245184K
  class space    used 19436K, committed 20608K, reserved 1048576K
}
Event: 48.553 GC heap after
{Heap after GC invocations=53 (full 0):
 garbage-first heap   total 540672K, used 128986K [0x0000000600000000, 0x0000000800000000)
  region size 4096K, 7 young (28672K), 7 survivors (28672K)
 Metaspace       used 152552K, committed 154880K, reserved 1245184K
  class space    used 19436K, committed 20608K, reserved 1048576K
}
Event: 50.406 GC heap before
{Heap before GC invocations=53 (full 0):
 garbage-first heap   total 540672K, used 423898K [0x0000000600000000, 0x0000000800000000)
  region size 4096K, 79 young (323584K), 7 survivors (28672K)
 Metaspace       used 152592K, committed 154944K, reserved 1245184K
  class space    used 19439K, committed 20608K, reserved 1048576K
}

